-------------------------------------------------------------------------------
Test set: TestSuite
-------------------------------------------------------------------------------
Tests run: 1, Failures: 1, Errors: 0, Skipped: 0, Time elapsed: 43.525 sec <<< FAILURE!
givenTestFlow(tests.HomePageTest)  Time elapsed: 1.861 sec  <<< FAILURE!
java.lang.NullPointerException
	at tests.HomePageTest.givenTestFlow(HomePageTest.java:11)

